[site148229.nicepage.io/index.html]
[backblue.gif]
[fade.gif]
[index.html]
[site148229.nicepage.io/Home.css]
[site148229.nicepage.io/Home.html]
[site148229.nicepage.io/nicepage-site.css]
[site148229.nicepage.io/About.html]
[site148229.nicepage.io/Contact.html]
[site148229.nicepage.io/Page-1.html]
[site148229.nicepage.io/index.html]
[site148229.nicepage.io/nicepage-site.css]
[site148229.nicepage.io/Home.css]
[site148229.nicepage.io/Home.html]
[site148229.nicepage.io/About.css]
[site148229.nicepage.io/About.html]
[site148229.nicepage.io/Contact.css]
[site148229.nicepage.io/Contact.html]
[site148229.nicepage.io/Page-1.css]
[site148229.nicepage.io/Page-1.html]
[site148229.nicepage.io/About.css]
[site148229.nicepage.io/Contact.css]
[site148229.nicepage.io/Page-1.css]
